<?xml version="1.0" encoding="UTF-8"?>
<testsuite xmlns:xsi="http://www.w3.org/2001/XMLSchema-instance" xsi:noNamespaceSchemaLocation="https://maven.apache.org/surefire/maven-surefire-plugin/xsd/surefire-test-report-3.0.xsd" version="3.0" name="com.medicapp.server.MedicappApplicationTests" time="9.966" tests="1" errors="0" skipped="0" failures="0">
  <properties>
[...]
</properties>
  <testcase name="contextLoads" classname="com.medicapp.server.MedicappApplicationTests" time="0.636">
    <system-out><![CDATA[10:58:26.648 [main] INFO org.springframework.test.context.support.AnnotationConfigContextLoaderUtils -- Could not detect default configuration classes for test class [com.medicapp.server.MedicappApplicationTests]: MedicappApplicationTests does not declare any static, non-private, non-final, nested classes annotated with @Configuration.
10:58:26.776 [main] INFO org.springframework.boot.test.context.SpringBootTestContextBootstrapper -- Found @SpringBootConfiguration com.medicapp.server.MedicappApplication for test class com.medicapp.server.MedicappApplicationTests

  .   ____          _            __ _ _
 /\\ / ___'_ __ _ _(_)_ __  __ _ \ \ \ \
( ( )\___ | '_ | '_| | '_ \/ _` | \ \ \ \
 \\/  ___)| |_)| | | | | || (_| |  ) ) ) )
  '  |____| .__|_| |_|_| |_\__, | / / / /
 =========|_|==============|___/=/_/_/_/
 :: Spring Boot ::                (v3.1.0)

2023-06-20T10:58:27.315+02:00  INFO 68200 --- [           main] c.m.server.MedicappApplicationTests      : Starting MedicappApplicationTests using Java 17.0.6 with PID 68200 (started by Diego in C:\Users\Diego\OneDrive\java\medicapp)
2023-06-20T10:58:27.317+02:00  INFO 68200 --- [           main] c.m.server.MedicappApplicationTests      : No active profile set, falling back to 1 default profile: "default"
2023-06-20T10:58:28.415+02:00  INFO 68200 --- [           main] .s.d.r.c.RepositoryConfigurationDelegate : Multiple Spring Data modules found, entering strict repository configuration mode
2023-06-20T10:58:28.418+02:00  INFO 68200 --- [           main] .s.d.r.c.RepositoryConfigurationDelegate : Bootstrapping Spring Data JPA repositories in DEFAULT mode.
2023-06-20T10:58:28.657+02:00  INFO 68200 --- [           main] .s.d.r.c.RepositoryConfigurationDelegate : Finished Spring Data repository scanning in 229 ms. Found 7 JPA repository interfaces.
2023-06-20T10:58:28.681+02:00  INFO 68200 --- [           main] .s.d.r.c.RepositoryConfigurationDelegate : Multiple Spring Data modules found, entering strict repository configuration mode
2023-06-20T10:58:28.683+02:00  INFO 68200 --- [           main] .s.d.r.c.RepositoryConfigurationDelegate : Bootstrapping Spring Data Redis repositories in DEFAULT mode.
2023-06-20T10:58:28.707+02:00  INFO 68200 --- [           main] .RepositoryConfigurationExtensionSupport : Spring Data Redis - Could not safely identify store assignment for repository candidate interface com.medicapp.server.appoinments.repository.AppointmentRepository; If you want this repository to be a Redis repository, consider annotating your entities with one of these annotations: org.springframework.data.redis.core.RedisHash (preferred), or consider extending one of the following types with your repository: org.springframework.data.keyvalue.repository.KeyValueRepository
2023-06-20T10:58:28.708+02:00  INFO 68200 --- [           main] .RepositoryConfigurationExtensionSupport : Spring Data Redis - Could not safely identify store assignment for repository candidate interface com.medicapp.server.authentication.repository.ConfirmationTokenRepository; If you want this repository to be a Redis repository, consider annotating your entities with one of these annotations: org.springframework.data.redis.core.RedisHash (preferred), or consider extending one of the following types with your repository: org.springframework.data.keyvalue.repository.KeyValueRepository
2023-06-20T10:58:28.708+02:00  INFO 68200 --- [           main] .RepositoryConfigurationExtensionSupport : Spring Data Redis - Could not safely identify store assignment for repository candidate interface com.medicapp.server.authentication.repository.TokenRepository; If you want this repository to be a Redis repository, consider annotating your entities with one of these annotations: org.springframework.data.redis.core.RedisHash (preferred), or consider extending one of the following types with your repository: org.springframework.data.keyvalue.repository.KeyValueRepository
2023-06-20T10:58:28.708+02:00  INFO 68200 --- [           main] .RepositoryConfigurationExtensionSupport : Spring Data Redis - Could not safely identify store assignment for repository candidate interface com.medicapp.server.authentication.repository.UserRepository; If you want this repository to be a Redis repository, consider annotating your entities with one of these annotations: org.springframework.data.redis.core.RedisHash (preferred), or consider extending one of the following types with your repository: org.springframework.data.keyvalue.repository.KeyValueRepository
2023-06-20T10:58:28.709+02:00  INFO 68200 --- [           main] .RepositoryConfigurationExtensionSupport : Spring Data Redis - Could not safely identify store assignment for repository candidate interface com.medicapp.server.doctors.repository.DoctorRepository; If you want this repository to be a Redis repository, consider annotating your entities with one of these annotations: org.springframework.data.redis.core.RedisHash (preferred), or consider extending one of the following types with your repository: org.springframework.data.keyvalue.repository.KeyValueRepository
2023-06-20T10:58:28.709+02:00  INFO 68200 --- [           main] .RepositoryConfigurationExtensionSupport : Spring Data Redis - Could not safely identify store assignment for repository candidate interface com.medicapp.server.doctors.repository.TimeSheetRepository; If you want this repository to be a Redis repository, consider annotating your entities with one of these annotations: org.springframework.data.redis.core.RedisHash (preferred), or consider extending one of the following types with your repository: org.springframework.data.keyvalue.repository.KeyValueRepository
2023-06-20T10:58:28.709+02:00  INFO 68200 --- [           main] .RepositoryConfigurationExtensionSupport : Spring Data Redis - Could not safely identify store assignment for repository candidate interface com.medicapp.server.payments.repository.InvoiceRepository; If you want this repository to be a Redis repository, consider annotating your entities with one of these annotations: org.springframework.data.redis.core.RedisHash (preferred), or consider extending one of the following types with your repository: org.springframework.data.keyvalue.repository.KeyValueRepository
2023-06-20T10:58:28.709+02:00  INFO 68200 --- [           main] .s.d.r.c.RepositoryConfigurationDelegate : Finished Spring Data repository scanning in 12 ms. Found 0 Redis repository interfaces.
2023-06-20T10:58:29.368+02:00  INFO 68200 --- [           main] o.hibernate.jpa.internal.util.LogHelper  : HHH000204: Processing PersistenceUnitInfo [name: default]
2023-06-20T10:58:29.455+02:00  INFO 68200 --- [           main] org.hibernate.Version                    : HHH000412: Hibernate ORM core version 6.2.2.Final
2023-06-20T10:58:29.458+02:00  INFO 68200 --- [           main] org.hibernate.cfg.Environment            : HHH000406: Using bytecode reflection optimizer
2023-06-20T10:58:29.732+02:00  INFO 68200 --- [           main] o.h.b.i.BytecodeProviderInitiator        : HHH000021: Bytecode provider name : bytebuddy
2023-06-20T10:58:29.926+02:00  INFO 68200 --- [           main] o.s.o.j.p.SpringPersistenceUnitInfo      : No LoadTimeWeaver setup: ignoring JPA class transformer
2023-06-20T10:58:29.945+02:00  INFO 68200 --- [           main] com.zaxxer.hikari.HikariDataSource       : HikariPool-1 - Starting...
2023-06-20T10:58:30.229+02:00  INFO 68200 --- [           main] com.zaxxer.hikari.pool.HikariPool        : HikariPool-1 - Added connection org.postgresql.jdbc.PgConnection@50df37eb
2023-06-20T10:58:30.232+02:00  INFO 68200 --- [           main] com.zaxxer.hikari.HikariDataSource       : HikariPool-1 - Start completed.
2023-06-20T10:58:30.326+02:00  INFO 68200 --- [           main] org.hibernate.orm.dialect                : HHH035001: Using dialect: org.hibernate.dialect.PostgreSQLDialect, version: org.hibernate.engine.jdbc.env.internal.JdbcEnvironmentInitiator$DialectResolutionInfoImpl@45297e7
2023-06-20T10:58:30.790+02:00  INFO 68200 --- [           main] o.h.b.i.BytecodeProviderInitiator        : HHH000021: Bytecode provider name : bytebuddy
2023-06-20T10:58:31.727+02:00  INFO 68200 --- [           main] o.h.e.t.j.p.i.JtaPlatformInitiator       : HHH000490: Using JtaPlatform implementation: [org.hibernate.engine.transaction.jta.platform.internal.NoJtaPlatform]
Hibernate: 
    alter table if exists appointment 
       drop constraint if exists doctor_id_fk
2023-06-20T10:58:31.748+02:00  WARN 68200 --- [           main] o.h.engine.jdbc.spi.SqlExceptionHelper   : SQL Warning Code: 0, SQLState: 00000
2023-06-20T10:58:31.749+02:00  WARN 68200 --- [           main] o.h.engine.jdbc.spi.SqlExceptionHelper   : no existe la relación «appointment», omitiendo
Hibernate: 
    alter table if exists appointment 
       drop constraint if exists user_id_fk
2023-06-20T10:58:31.750+02:00  WARN 68200 --- [           main] o.h.engine.jdbc.spi.SqlExceptionHelper   : SQL Warning Code: 0, SQLState: 00000
2023-06-20T10:58:31.750+02:00  WARN 68200 --- [           main] o.h.engine.jdbc.spi.SqlExceptionHelper   : no existe la relación «appointment», omitiendo
Hibernate: 
    alter table if exists confirmation_token 
       drop constraint if exists user_id_fk
2023-06-20T10:58:31.751+02:00  WARN 68200 --- [           main] o.h.engine.jdbc.spi.SqlExceptionHelper   : SQL Warning Code: 0, SQLState: 00000
2023-06-20T10:58:31.751+02:00  WARN 68200 --- [           main] o.h.engine.jdbc.spi.SqlExceptionHelper   : no existe la relación «confirmation_token», omitiendo
Hibernate: 
    alter table if exists doctor 
       drop constraint if exists user_item_fk
2023-06-20T10:58:31.751+02:00  WARN 68200 --- [           main] o.h.engine.jdbc.spi.SqlExceptionHelper   : SQL Warning Code: 0, SQLState: 00000
2023-06-20T10:58:31.752+02:00  WARN 68200 --- [           main] o.h.engine.jdbc.spi.SqlExceptionHelper   : no existe la relación «doctor», omitiendo
Hibernate: 
    alter table if exists invoice 
       drop constraint if exists appointment_id_fk
2023-06-20T10:58:31.753+02:00  WARN 68200 --- [           main] o.h.engine.jdbc.spi.SqlExceptionHelper   : SQL Warning Code: 0, SQLState: 00000
2023-06-20T10:58:31.753+02:00  WARN 68200 --- [           main] o.h.engine.jdbc.spi.SqlExceptionHelper   : no existe la relación «invoice», omitiendo
Hibernate: 
    alter table if exists time_sheet 
       drop constraint if exists doctor_id_fk
2023-06-20T10:58:31.754+02:00  WARN 68200 --- [           main] o.h.engine.jdbc.spi.SqlExceptionHelper   : SQL Warning Code: 0, SQLState: 00000
2023-06-20T10:58:31.754+02:00  WARN 68200 --- [           main] o.h.engine.jdbc.spi.SqlExceptionHelper   : no existe la relación «time_sheet», omitiendo
Hibernate: 
    alter table if exists token 
       drop constraint if exists FKiblu4cjwvyntq3ugo31klp1c6
2023-06-20T10:58:31.754+02:00  WARN 68200 --- [           main] o.h.engine.jdbc.spi.SqlExceptionHelper   : SQL Warning Code: 0, SQLState: 00000
2023-06-20T10:58:31.755+02:00  WARN 68200 --- [           main] o.h.engine.jdbc.spi.SqlExceptionHelper   : no existe la relación «token», omitiendo
Hibernate: 
    drop table if exists _user cascade
2023-06-20T10:58:31.756+02:00  WARN 68200 --- [           main] o.h.engine.jdbc.spi.SqlExceptionHelper   : SQL Warning Code: 0, SQLState: 00000
2023-06-20T10:58:31.757+02:00  WARN 68200 --- [           main] o.h.engine.jdbc.spi.SqlExceptionHelper   : la tabla «_user» no existe, omitiendo
Hibernate: 
    drop table if exists appointment cascade
2023-06-20T10:58:31.757+02:00  WARN 68200 --- [           main] o.h.engine.jdbc.spi.SqlExceptionHelper   : SQL Warning Code: 0, SQLState: 00000
2023-06-20T10:58:31.757+02:00  WARN 68200 --- [           main] o.h.engine.jdbc.spi.SqlExceptionHelper   : la tabla «appointment» no existe, omitiendo
Hibernate: 
    drop table if exists confirmation_token cascade
2023-06-20T10:58:31.758+02:00  WARN 68200 --- [           main] o.h.engine.jdbc.spi.SqlExceptionHelper   : SQL Warning Code: 0, SQLState: 00000
2023-06-20T10:58:31.758+02:00  WARN 68200 --- [           main] o.h.engine.jdbc.spi.SqlExceptionHelper   : la tabla «confirmation_token» no existe, omitiendo
Hibernate: 
    drop table if exists doctor cascade
2023-06-20T10:58:31.758+02:00  WARN 68200 --- [           main] o.h.engine.jdbc.spi.SqlExceptionHelper   : SQL Warning Code: 0, SQLState: 00000
2023-06-20T10:58:31.758+02:00  WARN 68200 --- [           main] o.h.engine.jdbc.spi.SqlExceptionHelper   : la tabla «doctor» no existe, omitiendo
Hibernate: 
    drop table if exists invoice cascade
2023-06-20T10:58:31.759+02:00  WARN 68200 --- [           main] o.h.engine.jdbc.spi.SqlExceptionHelper   : SQL Warning Code: 0, SQLState: 00000
2023-06-20T10:58:31.759+02:00  WARN 68200 --- [           main] o.h.engine.jdbc.spi.SqlExceptionHelper   : la tabla «invoice» no existe, omitiendo
Hibernate: 
    drop table if exists time_sheet cascade
2023-06-20T10:58:31.759+02:00  WARN 68200 --- [           main] o.h.engine.jdbc.spi.SqlExceptionHelper   : SQL Warning Code: 0, SQLState: 00000
2023-06-20T10:58:31.759+02:00  WARN 68200 --- [           main] o.h.engine.jdbc.spi.SqlExceptionHelper   : la tabla «time_sheet» no existe, omitiendo
Hibernate: 
    drop table if exists token cascade
2023-06-20T10:58:31.760+02:00  WARN 68200 --- [           main] o.h.engine.jdbc.spi.SqlExceptionHelper   : SQL Warning Code: 0, SQLState: 00000
2023-06-20T10:58:31.760+02:00  WARN 68200 --- [           main] o.h.engine.jdbc.spi.SqlExceptionHelper   : la tabla «token» no existe, omitiendo
Hibernate: 
    drop sequence if exists _user_seq
2023-06-20T10:58:31.760+02:00  WARN 68200 --- [           main] o.h.engine.jdbc.spi.SqlExceptionHelper   : SQL Warning Code: 0, SQLState: 00000
2023-06-20T10:58:31.761+02:00  WARN 68200 --- [           main] o.h.engine.jdbc.spi.SqlExceptionHelper   : la secuencia «_user_seq» no existe, omitiendo
Hibernate: 
    drop sequence if exists appointment_seq
2023-06-20T10:58:31.761+02:00  WARN 68200 --- [           main] o.h.engine.jdbc.spi.SqlExceptionHelper   : SQL Warning Code: 0, SQLState: 00000
2023-06-20T10:58:31.761+02:00  WARN 68200 --- [           main] o.h.engine.jdbc.spi.SqlExceptionHelper   : la secuencia «appointment_seq» no existe, omitiendo
Hibernate: 
    drop sequence if exists confirmation_token_seq
2023-06-20T10:58:31.761+02:00  WARN 68200 --- [           main] o.h.engine.jdbc.spi.SqlExceptionHelper   : SQL Warning Code: 0, SQLState: 00000
2023-06-20T10:58:31.762+02:00  WARN 68200 --- [           main] o.h.engine.jdbc.spi.SqlExceptionHelper   : la secuencia «confirmation_token_seq» no existe, omitiendo
Hibernate: 
    drop sequence if exists doctor_seq
2023-06-20T10:58:31.762+02:00  WARN 68200 --- [           main] o.h.engine.jdbc.spi.SqlExceptionHelper   : SQL Warning Code: 0, SQLState: 00000
2023-06-20T10:58:31.762+02:00  WARN 68200 --- [           main] o.h.engine.jdbc.spi.SqlExceptionHelper   : la secuencia «doctor_seq» no existe, omitiendo
Hibernate: 
    drop sequence if exists invoice_seq
2023-06-20T10:58:31.763+02:00  WARN 68200 --- [           main] o.h.engine.jdbc.spi.SqlExceptionHelper   : SQL Warning Code: 0, SQLState: 00000
2023-06-20T10:58:31.763+02:00  WARN 68200 --- [           main] o.h.engine.jdbc.spi.SqlExceptionHelper   : la secuencia «invoice_seq» no existe, omitiendo
Hibernate: 
    drop sequence if exists time_sheet_seq
2023-06-20T10:58:31.763+02:00  WARN 68200 --- [           main] o.h.engine.jdbc.spi.SqlExceptionHelper   : SQL Warning Code: 0, SQLState: 00000
2023-06-20T10:58:31.763+02:00  WARN 68200 --- [           main] o.h.engine.jdbc.spi.SqlExceptionHelper   : la secuencia «time_sheet_seq» no existe, omitiendo
Hibernate: 
    drop sequence if exists token_seq
2023-06-20T10:58:31.763+02:00  WARN 68200 --- [           main] o.h.engine.jdbc.spi.SqlExceptionHelper   : SQL Warning Code: 0, SQLState: 00000
2023-06-20T10:58:31.764+02:00  WARN 68200 --- [           main] o.h.engine.jdbc.spi.SqlExceptionHelper   : la secuencia «token_seq» no existe, omitiendo
Hibernate: 
    create sequence _user_seq start with 1 increment by 50
Hibernate: 
    create sequence appointment_seq start with 1 increment by 50
Hibernate: 
    create sequence confirmation_token_seq start with 1 increment by 50
Hibernate: 
    create sequence doctor_seq start with 1 increment by 50
Hibernate: 
    create sequence invoice_seq start with 1 increment by 50
Hibernate: 
    create sequence time_sheet_seq start with 1 increment by 50
Hibernate: 
    create sequence token_seq start with 1 increment by 50
Hibernate: 
    create table _user (
        enabled boolean,
        id integer not null,
        email varchar(255),
        firstname varchar(255),
        lastname varchar(255),
        password varchar(255),
        profile_key TEXT,
        profile_url TEXT,
        recover_code varchar(255),
        role varchar(255) check (role in ('ROLE_ADMIN','ROLE_MODERATOR','ROLE_DOCTOR','ROLE_USER')),
        sex varchar(255),
        primary key (id)
    )
Hibernate: 
    create table appointment (
        doctor_id integer not null,
        id integer not null,
        user_id integer not null,
        created_date timestamp(6) not null,
        date timestamp(6) not null,
        updated_date timestamp(6) not null,
        primary key (id)
    )
Hibernate: 
    create table confirmation_token (
        id integer not null,
        user_id integer not null,
        confirmed_at timestamp(6),
        created_at timestamp(6) not null,
        expires_at timestamp(6) not null,
        token varchar(255) not null,
        primary key (id)
    )
Hibernate: 
    create table doctor (
        cost DECIMAL(10,2) not null,
        id integer not null,
        rating DECIMAL(10,2) not null,
        user_id integer not null unique,
        created_date timestamp(6) not null,
        updated_date timestamp(6) not null,
        description TEXT not null,
        details TEXT not null,
        specialty varchar(255) check (specialty in ('CARDIOLOGY','DERMATOLOGY','ENDOCRINOLOGY','GASTROENTEROLOGY','HEMATOLOGY','INFECTIOUS_DISEASE','NEPHROLOGY','NEUROLOGY','OBSTETRICS_AND_GYNECOLOGY','ONCOLOGY','OPHTHALMOLOGY','ORTHOPEDICS','OTOLARYNGOLOGY','PEDIATRICS','PSYCHIATRY','PULMONOLOGY','RADIOLOGY','RHEUMATOLOGY','UROLOGY')),
        primary key (id)
    )
Hibernate: 
    create table invoice (
        appointment_id integer not null,
        id integer not null,
        is_paid boolean,
        price float4,
        created_date timestamp(6) not null,
        updated_date timestamp(6) not null,
        details varchar(255),
        payment_code_1 varchar(255),
        payment_code_2 varchar(255),
        primary key (id)
    )
Hibernate: 
    create table time_sheet (
        doctor_id integer not null,
        id integer not null,
        is_available boolean not null,
        created_date timestamp(6) not null,
        date timestamp(6) not null,
        updated_date timestamp(6) not null,
        primary key (id)
    )
Hibernate: 
    create table token (
        expired boolean not null,
        id integer not null,
        revoked boolean not null,
        user_id integer,
        token varchar(255) unique,
        token_type varchar(255) check (token_type in ('BEARER')),
        primary key (id)
    )
Hibernate: 
    alter table if exists appointment 
       add constraint doctor_id_fk 
       foreign key (doctor_id) 
       references doctor
Hibernate: 
    alter table if exists appointment 
       add constraint user_id_fk 
       foreign key (user_id) 
       references _user
Hibernate: 
    alter table if exists confirmation_token 
       add constraint user_id_fk 
       foreign key (user_id) 
       references _user
Hibernate: 
    alter table if exists doctor 
       add constraint user_item_fk 
       foreign key (user_id) 
       references _user
Hibernate: 
    alter table if exists invoice 
       add constraint appointment_id_fk 
       foreign key (appointment_id) 
       references appointment
Hibernate: 
    alter table if exists time_sheet 
       add constraint doctor_id_fk 
       foreign key (doctor_id) 
       references doctor
Hibernate: 
    alter table if exists token 
       add constraint FKiblu4cjwvyntq3ugo31klp1c6 
       foreign key (user_id) 
       references _user
2023-06-20T10:58:31.903+02:00  INFO 68200 --- [           main] o.h.t.s.i.e.GenerationTargetToDatabase   : HHH000476: Executing script '[injected ScriptSourceInputNonExistentImpl script]'
2023-06-20T10:58:31.908+02:00  INFO 68200 --- [           main] j.LocalContainerEntityManagerFactoryBean : Initialized JPA EntityManagerFactory for persistence unit 'default'
2023-06-20T10:58:32.410+02:00  INFO 68200 --- [           main] o.s.d.j.r.query.QueryEnhancerFactory     : Hibernate is in classpath; If applicable, HQL parser will be used.
2023-06-20T10:58:34.886+02:00  WARN 68200 --- [           main] JpaBaseConfiguration$JpaWebConfiguration : spring.jpa.open-in-view is enabled by default. Therefore, database queries may be performed during view rendering. Explicitly configure spring.jpa.open-in-view to disable this warning
2023-06-20T10:58:35.299+02:00  INFO 68200 --- [           main] o.s.s.web.DefaultSecurityFilterChain     : Will secure any request with [org.springframework.security.web.session.DisableEncodeUrlFilter@3a5b73cb, org.springframework.security.web.context.request.async.WebAsyncManagerIntegrationFilter@26b78c2, org.springframework.security.web.context.SecurityContextHolderFilter@24ccb18d, org.springframework.security.web.header.HeaderWriterFilter@156542b7, org.springframework.security.web.authentication.logout.LogoutFilter@61e67cc1, com.medicapp.server.config.JwtAuthenticationFilter@2cfd91b9, org.springframework.security.web.savedrequest.RequestCacheAwareFilter@f5d20d8, org.springframework.security.web.servletapi.SecurityContextHolderAwareRequestFilter@34634dff, org.springframework.security.web.authentication.AnonymousAuthenticationFilter@4b0fdbd7, org.springframework.security.web.session.SessionManagementFilter@b7461ac, org.springframework.security.web.access.ExceptionTranslationFilter@c5ed57e, org.springframework.security.web.access.intercept.AuthorizationFilter@4d2eb4c6]
2023-06-20T10:58:35.801+02:00  INFO 68200 --- [           main] c.m.server.MedicappApplicationTests      : Started MedicappApplicationTests in 8.823 seconds (process running for 9.992)
]]></system-out>
  </testcase>
</testsuite>